{"level":"info","message":"2804:14c:132:472a:f4f2:db56:f69c:457c GET / 200 644 - 13.512 ms","timestamp":"2024-12-18 02:51:42.393 PM"}
{"level":"info","message":"2804:14c:132:472a:f4f2:db56:f69c:457c GET /static/js/main.4615fc48.js 200 227740 - 1.819 ms","timestamp":"2024-12-18 02:51:42.634 PM"}
{"level":"info","message":"2804:14c:132:472a:f4f2:db56:f69c:457c GET /static/css/main.d4ccf73d.css 200 8277 - 1.452 ms","timestamp":"2024-12-18 02:51:42.642 PM"}
{"level":"info","message":"2804:14c:132:472a:f4f2:db56:f69c:457c GET /logo192.png 200 5347 - 13.868 ms","timestamp":"2024-12-18 02:51:43.120 PM"}
{"level":"info","message":"::1 GET / 200 644 - 19.913 ms","timestamp":"2024-12-20 11:28:01.277 AM"}
{"level":"info","message":"::1 GET /static/css/main.d4ccf73d.css 200 8277 - 7.090 ms","timestamp":"2024-12-20 11:28:01.298 AM"}
{"level":"info","message":"::1 GET /static/js/main.ba2df30d.js 200 227587 - 56.910 ms","timestamp":"2024-12-20 11:28:01.349 AM"}
{"level":"info","message":"191.5.36.172 GET / 200 644 - 3.133 ms","timestamp":"2024-12-20 11:31:45.397 AM"}
{"level":"info","message":"191.5.36.172 GET /static/css/main.d4ccf73d.css 200 8277 - 3.989 ms","timestamp":"2024-12-20 11:31:45.817 AM"}
{"level":"info","message":"191.5.36.172 GET /static/js/main.ba2df30d.js 200 227587 - 5.307 ms","timestamp":"2024-12-20 11:31:45.819 AM"}
{"level":"info","message":"191.5.36.172 GET /logo192.png 200 5347 - 8.329 ms","timestamp":"2024-12-20 11:31:46.659 AM"}
{"level":"info","message":"::1 GET / 200 644 - 1.661 ms","timestamp":"2024-12-20 11:32:07.947 AM"}
{"level":"info","message":"::1 GET /static/css/main.d4ccf73d.css 200 8277 - 2.180 ms","timestamp":"2024-12-20 11:32:07.957 AM"}
{"level":"info","message":"::1 GET /static/js/main.ba2df30d.js 200 227587 - 3.709 ms","timestamp":"2024-12-20 11:32:07.959 AM"}
{"level":"info","message":"2a05:d014:ed3:f106:b3b9::2a GET / 200 644 - 1.277 ms","timestamp":"2024-12-20 11:32:16.779 AM"}
{"level":"info","message":"2a05:d014:ed3:f106:b3b9::2a GET /static/js/main.ba2df30d.js 200 227587 - 1.712 ms","timestamp":"2024-12-20 11:32:17.019 AM"}
{"level":"info","message":"2a05:d014:ed3:f106:b3b9::2a GET /static/css/main.d4ccf73d.css 200 8277 - 1.421 ms","timestamp":"2024-12-20 11:32:17.226 AM"}
{"level":"info","message":"2a05:d014:ed3:f106:b3b9::2a GET / 200 644 - 1.794 ms","timestamp":"2024-12-20 11:32:18.855 AM"}
{"level":"info","message":"2a05:d014:ed3:f106:b3b9::2a GET /static/js/main.ba2df30d.js 200 227587 - 1.778 ms","timestamp":"2024-12-20 11:32:19.089 AM"}
{"level":"info","message":"2a05:d014:ed3:f106:b3b9::2a GET /static/css/main.d4ccf73d.css 200 8277 - 1.067 ms","timestamp":"2024-12-20 11:32:19.292 AM"}
{"level":"info","message":"2a05:d014:ed3:f106:b3b9::2a GET /non-existent-page 200 644 - 3.276 ms","timestamp":"2024-12-20 11:32:20.867 AM"}
{"level":"info","message":"2a05:d014:ed3:f106:b3b9::2a GET /static/js/main.ba2df30d.js 200 227587 - 2.741 ms","timestamp":"2024-12-20 11:32:21.106 AM"}
{"level":"info","message":"2a05:d014:ed3:f106:b3b9::2a GET /static/css/main.d4ccf73d.css 429 54 - 1.110 ms","timestamp":"2024-12-20 11:32:21.304 AM"}
{"level":"info","message":"::1 GET / 200 644 - 1.027 ms","timestamp":"2024-12-20 11:34:17.860 AM"}
{"level":"info","message":"::1 GET /static/css/main.d4ccf73d.css 200 8277 - 1.575 ms","timestamp":"2024-12-20 11:34:17.869 AM"}
{"level":"info","message":"::1 GET /static/js/main.ba2df30d.js 200 227587 - 2.872 ms","timestamp":"2024-12-20 11:34:17.871 AM"}
{"level":"info","message":"2a05:d014:ed3:f106:36a9::e GET / 200 644 - 1.237 ms","timestamp":"2024-12-20 11:34:23.520 AM"}
{"level":"info","message":"2a05:d014:ed3:f106:36a9::e GET /static/js/main.ba2df30d.js 200 227587 - 1.284 ms","timestamp":"2024-12-20 11:34:23.773 AM"}
{"level":"info","message":"2a05:d014:ed3:f106:36a9::e GET /static/css/main.d4ccf73d.css 200 8277 - 2.160 ms","timestamp":"2024-12-20 11:34:23.980 AM"}
{"level":"info","message":"2a05:d014:ed3:f106:36a9::e GET / 200 644 - 1.542 ms","timestamp":"2024-12-20 11:34:26.589 AM"}
{"level":"info","message":"2a05:d014:ed3:f106:36a9::e GET /static/js/main.ba2df30d.js 200 227587 - 1.122 ms","timestamp":"2024-12-20 11:34:27.645 AM"}
{"level":"info","message":"2a05:d014:ed3:f106:36a9::e GET /static/css/main.d4ccf73d.css 200 8277 - 1.325 ms","timestamp":"2024-12-20 11:34:27.825 AM"}
{"level":"info","message":"2a05:d014:ed3:f106:36a9::e GET /non-existent-page 200 644 - 2.988 ms","timestamp":"2024-12-20 11:34:30.860 AM"}
{"level":"info","message":"2a05:d014:ed3:f106:36a9::e GET /static/js/main.ba2df30d.js 200 227587 - 2.259 ms","timestamp":"2024-12-20 11:34:31.108 AM"}
{"level":"info","message":"2a05:d014:ed3:f106:36a9::e GET /static/css/main.d4ccf73d.css 200 8277 - 1.044 ms","timestamp":"2024-12-20 11:34:31.304 AM"}
{"level":"info","message":"::1 GET / 200 644 - 1.170 ms","timestamp":"2024-12-20 11:34:48.084 AM"}
{"level":"info","message":"::1 GET /static/css/main.d4ccf73d.css 200 8277 - 1.501 ms","timestamp":"2024-12-20 11:34:48.091 AM"}
{"level":"info","message":"::1 GET /static/js/main.ba2df30d.js 200 227587 - 1.576 ms","timestamp":"2024-12-20 11:34:48.092 AM"}
{"level":"info","message":"2a05:d014:ed3:f106:b3b9::4b GET / 429 54 - 0.445 ms","timestamp":"2024-12-20 11:34:54.381 AM"}
{"level":"info","message":"2a05:d014:ed3:f106:b3b9::4b GET / 429 54 - 0.378 ms","timestamp":"2024-12-20 11:35:02.495 AM"}
{"level":"info","message":"2a05:d014:ed3:f106:b3b9::4b GET /non-existent-page 429 54 - 0.652 ms","timestamp":"2024-12-20 11:35:03.555 AM"}
{"level":"info","message":"::1 GET / 200 644 - 1.335 ms","timestamp":"2024-12-20 11:36:35.608 AM"}
{"level":"info","message":"::1 GET /static/css/main.d4ccf73d.css 200 8277 - 1.558 ms","timestamp":"2024-12-20 11:36:35.617 AM"}
{"level":"info","message":"::1 GET /static/js/main.ba2df30d.js 200 227587 - 2.134 ms","timestamp":"2024-12-20 11:36:35.619 AM"}
{"level":"info","message":"2a05:d014:ed3:f106:36a9::49 GET / 200 644 - 1.856 ms","timestamp":"2024-12-20 11:36:45.355 AM"}
{"level":"info","message":"2a05:d014:ed3:f106:36a9::49 GET /static/js/main.ba2df30d.js 200 227587 - 2.157 ms","timestamp":"2024-12-20 11:36:45.610 AM"}
{"level":"info","message":"2a05:d014:ed3:f106:36a9::49 GET /static/css/main.d4ccf73d.css 200 8277 - 3.167 ms","timestamp":"2024-12-20 11:36:45.818 AM"}
{"level":"info","message":"2a05:d014:ed3:f106:36a9::49 GET / 200 644 - 1.198 ms","timestamp":"2024-12-20 11:36:48.528 AM"}
{"level":"info","message":"2a05:d014:ed3:f106:36a9::49 GET /static/js/main.ba2df30d.js 200 227587 - 1.595 ms","timestamp":"2024-12-20 11:36:48.769 AM"}
{"level":"info","message":"2a05:d014:ed3:f106:36a9::49 GET /static/css/main.d4ccf73d.css 200 8277 - 1.342 ms","timestamp":"2024-12-20 11:36:48.981 AM"}
{"level":"info","message":"2a05:d014:ed3:f106:36a9::49 GET /non-existent-page 200 644 - 1.461 ms","timestamp":"2024-12-20 11:36:50.908 AM"}
{"level":"info","message":"2a05:d014:ed3:f106:36a9::49 GET /static/js/main.ba2df30d.js 200 227587 - 1.491 ms","timestamp":"2024-12-20 11:36:51.162 AM"}
{"level":"info","message":"2a05:d014:ed3:f106:36a9::49 GET /static/css/main.d4ccf73d.css 200 8277 - 0.995 ms","timestamp":"2024-12-20 11:36:51.438 AM"}
{"level":"info","message":"::1 GET / 200 644 - 1.266 ms","timestamp":"2024-12-20 11:37:53.028 AM"}
{"level":"info","message":"::1 GET /static/css/main.d4ccf73d.css 200 8277 - 1.382 ms","timestamp":"2024-12-20 11:37:53.035 AM"}
{"level":"info","message":"::1 GET /static/js/main.ba2df30d.js 200 227587 - 1.561 ms","timestamp":"2024-12-20 11:37:53.037 AM"}
{"level":"info","message":"2a05:d014:ed3:f106:e7b9::32 GET / 200 644 - 1.011 ms","timestamp":"2024-12-20 11:37:58.692 AM"}
{"level":"info","message":"2a05:d014:ed3:f106:e7b9::32 GET /static/js/main.ba2df30d.js 200 227587 - 1.222 ms","timestamp":"2024-12-20 11:37:58.926 AM"}
{"level":"info","message":"2a05:d014:ed3:f106:e7b9::32 GET /static/css/main.d4ccf73d.css 200 8277 - 2.050 ms","timestamp":"2024-12-20 11:37:59.131 AM"}
{"level":"info","message":"2a05:d014:ed3:f106:b3b9::46 GET / 200 644 - 1.398 ms","timestamp":"2024-12-20 11:38:00.451 AM"}
{"level":"info","message":"2a05:d014:ed3:f106:b3b9::46 GET /static/js/main.ba2df30d.js 200 227587 - 2.060 ms","timestamp":"2024-12-20 11:38:00.687 AM"}
{"level":"info","message":"2a05:d014:ed3:f106:b3b9::46 GET /static/css/main.d4ccf73d.css 200 8277 - 2.936 ms","timestamp":"2024-12-20 11:38:01.029 AM"}
{"level":"info","message":"2a05:d014:ed3:f106:b3b9::46 GET / 200 644 - 1.463 ms","timestamp":"2024-12-20 11:38:02.770 AM"}
{"level":"info","message":"2a05:d014:ed3:f106:b3b9::46 GET /static/js/main.ba2df30d.js 200 227587 - 1.443 ms","timestamp":"2024-12-20 11:38:03.004 AM"}
{"level":"info","message":"2a05:d014:ed3:f106:b3b9::46 GET /static/css/main.d4ccf73d.css 200 8277 - 2.594 ms","timestamp":"2024-12-20 11:38:03.207 AM"}
{"level":"info","message":"2a05:d014:ed3:f106:b3b9::46 GET /non-existent-page 200 644 - 2.886 ms","timestamp":"2024-12-20 11:38:04.614 AM"}
{"level":"info","message":"2a05:d014:ed3:f106:b3b9::46 GET /static/js/main.ba2df30d.js 200 227587 - 2.820 ms","timestamp":"2024-12-20 11:38:04.894 AM"}
{"level":"info","message":"2a05:d014:ed3:f106:b3b9::46 GET /static/css/main.d4ccf73d.css 200 8277 - 2.900 ms","timestamp":"2024-12-20 11:38:05.115 AM"}
{"level":"info","message":"::1 GET / 200 644 - 0.921 ms","timestamp":"2024-12-20 11:39:05.938 AM"}
{"level":"info","message":"::1 GET /static/css/main.d4ccf73d.css 200 8277 - 1.525 ms","timestamp":"2024-12-20 11:39:05.947 AM"}
{"level":"info","message":"::1 GET /static/js/main.ba2df30d.js 200 227587 - 2.197 ms","timestamp":"2024-12-20 11:39:05.948 AM"}
{"level":"info","message":"2a05:d014:ed3:f106:33bd::2a GET / 200 644 - 2.136 ms","timestamp":"2024-12-20 11:39:11.969 AM"}
{"level":"info","message":"2a05:d014:ed3:f106:33bd::2a GET /static/css/main.d4ccf73d.css 200 8277 - 1.242 ms","timestamp":"2024-12-20 11:39:12.218 AM"}
{"level":"info","message":"2a05:d014:ed3:f106:33bd::2a GET /static/js/main.ba2df30d.js 200 227587 - 1.431 ms","timestamp":"2024-12-20 11:39:12.416 AM"}
{"level":"info","message":"2a05:d014:ed3:f106:8cde::25 GET / 200 644 - 1.571 ms","timestamp":"2024-12-20 11:39:14.582 AM"}
{"level":"info","message":"2a05:d014:ed3:f106:8cde::25 GET /static/js/main.ba2df30d.js 200 227587 - 2.694 ms","timestamp":"2024-12-20 11:39:14.830 AM"}
{"level":"info","message":"2a05:d014:ed3:f106:8cde::25 GET /static/css/main.d4ccf73d.css 200 8277 - 1.409 ms","timestamp":"2024-12-20 11:39:15.040 AM"}
{"level":"info","message":"2a05:d014:ed3:f106:8cde::25 GET / 200 644 - 1.539 ms","timestamp":"2024-12-20 11:39:16.640 AM"}
{"level":"info","message":"2a05:d014:ed3:f106:8cde::25 GET /static/js/main.ba2df30d.js 200 227587 - 1.273 ms","timestamp":"2024-12-20 11:39:16.875 AM"}
{"level":"info","message":"2a05:d014:ed3:f106:8cde::25 GET /static/css/main.d4ccf73d.css 200 8277 - 1.035 ms","timestamp":"2024-12-20 11:39:17.088 AM"}
{"level":"info","message":"2a05:d014:ed3:f106:8cde::25 GET /non-existent-page 200 644 - 1.387 ms","timestamp":"2024-12-20 11:39:18.711 AM"}
{"level":"info","message":"2a05:d014:ed3:f106:8cde::25 GET /static/css/main.d4ccf73d.css 200 8277 - 1.866 ms","timestamp":"2024-12-20 11:39:18.960 AM"}
{"level":"info","message":"2a05:d014:ed3:f106:8cde::25 GET /static/js/main.ba2df30d.js 200 227587 - 1.989 ms","timestamp":"2024-12-20 11:39:19.167 AM"}
{"level":"info","message":"::1 GET / 200 644 - 8.437 ms","timestamp":"2024-12-20 11:43:17.710 AM"}
{"level":"info","message":"::1 GET /static/css/main.d4ccf73d.css 200 8277 - 1.609 ms","timestamp":"2024-12-20 11:43:17.718 AM"}
{"level":"info","message":"::1 GET /static/js/main.4615fc48.js 200 227740 - 2.343 ms","timestamp":"2024-12-20 11:43:17.721 AM"}
{"level":"info","message":"2a05:d014:ed3:f106:48b9::c GET / 200 644 - 2.208 ms","timestamp":"2024-12-20 11:43:23.439 AM"}
{"level":"info","message":"2a05:d014:ed3:f106:48b9::c GET /static/js/main.4615fc48.js 200 227740 - 1.239 ms","timestamp":"2024-12-20 11:43:23.679 AM"}
{"level":"info","message":"2a05:d014:ed3:f106:b3b9::51 GET / 200 644 - 2.378 ms","timestamp":"2024-12-20 11:43:23.760 AM"}
{"level":"info","message":"2a05:d014:ed3:f106:48b9::c GET /static/css/main.d4ccf73d.css 200 8277 - 1.933 ms","timestamp":"2024-12-20 11:43:23.882 AM"}
{"level":"info","message":"2a05:d014:ed3:f106:b3b9::51 GET /static/js/main.4615fc48.js 200 227740 - 1.976 ms","timestamp":"2024-12-20 11:43:24.121 AM"}
{"level":"info","message":"2a05:d014:ed3:f106:b3b9::51 GET /static/css/main.d4ccf73d.css 200 8277 - 3.689 ms","timestamp":"2024-12-20 11:43:24.325 AM"}
{"level":"info","message":"2a05:d014:ed3:f106:b3b9::51 GET / 200 644 - 1.379 ms","timestamp":"2024-12-20 11:43:25.931 AM"}
{"level":"info","message":"2a05:d014:ed3:f106:b3b9::51 GET /static/css/main.d4ccf73d.css 200 8277 - 2.067 ms","timestamp":"2024-12-20 11:43:26.176 AM"}
{"level":"info","message":"2a05:d014:ed3:f106:b3b9::51 GET /static/js/main.4615fc48.js 200 227740 - 1.156 ms","timestamp":"2024-12-20 11:43:26.379 AM"}
{"level":"info","message":"2a05:d014:ed3:f106:b3b9::51 GET /non-existent-page 200 644 - 3.351 ms","timestamp":"2024-12-20 11:43:28.133 AM"}
{"level":"info","message":"2a05:d014:ed3:f106:b3b9::51 GET /static/js/main.4615fc48.js 200 227740 - 2.427 ms","timestamp":"2024-12-20 11:43:28.372 AM"}
{"level":"info","message":"2a05:d014:ed3:f106:b3b9::51 GET /static/css/main.d4ccf73d.css 200 8277 - 1.020 ms","timestamp":"2024-12-20 11:43:28.576 AM"}
{"level":"info","message":"::1 GET / 200 644 - 18.100 ms","timestamp":"2025-01-06 09:56:50.097 AM"}
{"level":"info","message":"::1 GET /static/css/main.d4ccf73d.css 200 8277 - 6.122 ms","timestamp":"2025-01-06 09:56:50.112 AM"}
{"level":"info","message":"::1 GET /static/js/main.4615fc48.js 200 227740 - 56.538 ms","timestamp":"2025-01-06 09:56:50.163 AM"}
{"level":"info","message":"::1 GET / 200 644 - 1.662 ms","timestamp":"2025-01-06 10:03:14.202 AM"}
{"level":"info","message":"::1 GET /static/css/main.d4ccf73d.css 200 8277 - 3.985 ms","timestamp":"2025-01-06 10:03:14.245 AM"}
{"level":"info","message":"::1 GET /static/js/main.4615fc48.js 200 227740 - 5.577 ms","timestamp":"2025-01-06 10:03:14.249 AM"}
{"level":"info","message":"::1 GET / 200 644 - 0.852 ms","timestamp":"2025-01-06 10:03:48.362 AM"}
{"level":"info","message":"::1 GET /static/css/main.d4ccf73d.css 200 8277 - 2.416 ms","timestamp":"2025-01-06 10:03:48.371 AM"}
{"level":"info","message":"::1 GET /static/js/main.4615fc48.js 200 227740 - 2.845 ms","timestamp":"2025-01-06 10:03:48.375 AM"}
{"level":"info","message":"2804:14c:132:5926:d0f6:9549:3dd5:6d11 GET / 200 644 - 2.879 ms","timestamp":"2025-01-06 10:08:09.783 AM"}
{"level":"info","message":"2804:14c:132:5926:d0f6:9549:3dd5:6d11 GET /static/css/main.d4ccf73d.css 200 8277 - 1.359 ms","timestamp":"2025-01-06 10:08:10.122 AM"}
{"level":"info","message":"2804:14c:132:5926:d0f6:9549:3dd5:6d11 GET /static/js/main.4615fc48.js 200 227740 - 2.440 ms","timestamp":"2025-01-06 10:08:10.124 AM"}
{"level":"info","message":"2804:14c:132:5926:d0f6:9549:3dd5:6d11 GET /logo192.png 200 5347 - 7.940 ms","timestamp":"2025-01-06 10:08:10.419 AM"}
{"level":"info","message":"2a05:d014:ed3:f106:3309::34 GET / 200 644 - 1.298 ms","timestamp":"2025-01-06 10:10:41.455 AM"}
{"level":"info","message":"2a05:d014:ed3:f106:3309::34 GET /static/css/main.d4ccf73d.css 200 8277 - 4.931 ms","timestamp":"2025-01-06 10:10:41.702 AM"}
{"level":"info","message":"2a05:d014:ed3:f106:3309::34 GET /static/js/main.4615fc48.js 200 227740 - 2.678 ms","timestamp":"2025-01-06 10:10:41.892 AM"}
{"level":"info","message":"2600:1f18:12ca:300d:8131::2 GET / 200 644 - 4.193 ms","timestamp":"2025-01-06 10:11:03.083 AM"}
{"level":"info","message":"2600:1f18:12ca:300d:8131::2 GET /static/css/main.d4ccf73d.css 200 8277 - 2.062 ms","timestamp":"2025-01-06 10:11:03.263 AM"}
{"level":"info","message":"2600:1f18:12ca:300d:8131::2 GET /static/js/main.4615fc48.js 200 227740 - 1.472 ms","timestamp":"2025-01-06 10:11:03.387 AM"}
{"level":"info","message":"2600:1f18:12ca:300d:d321::13 GET / 200 644 - 2.479 ms","timestamp":"2025-01-06 10:19:53.481 AM"}
{"level":"info","message":"2600:1f18:12ca:300d:d321::13 GET /static/css/main.d4ccf73d.css 200 8277 - 1.298 ms","timestamp":"2025-01-06 10:19:53.650 AM"}
{"level":"info","message":"2600:1f18:12ca:300d:d321::13 GET /static/js/main.4615fc48.js 200 227740 - 1.785 ms","timestamp":"2025-01-06 10:19:53.775 AM"}
{"level":"info","message":"2600:1f18:12ca:300d:d321::4f GET / 200 644 - 2.591 ms","timestamp":"2025-01-06 10:40:56.984 AM"}
{"level":"info","message":"2600:1f18:12ca:300d:d321::4f GET /static/js/main.4615fc48.js 200 227740 - 1.416 ms","timestamp":"2025-01-06 10:40:57.146 AM"}
{"level":"info","message":"2600:1f18:12ca:300d:d321::4f GET /static/css/main.d4ccf73d.css 200 8277 - 1.169 ms","timestamp":"2025-01-06 10:40:57.268 AM"}
{"level":"info","message":"2600:1f18:12ca:300d:1091::15 GET / 200 644 - 1.123 ms","timestamp":"2025-01-06 10:49:52.375 AM"}
{"level":"info","message":"2600:1f18:12ca:300d:1091::15 GET /static/css/main.d4ccf73d.css 200 8277 - 1.268 ms","timestamp":"2025-01-06 10:49:52.541 AM"}
{"level":"info","message":"2600:1f18:12ca:300d:1091::15 GET /static/js/main.4615fc48.js 200 227740 - 2.542 ms","timestamp":"2025-01-06 10:49:52.664 AM"}
{"level":"info","message":"2600:1f18:12ca:300d:f3d0::40 GET / 200 644 - 1.473 ms","timestamp":"2025-01-06 10:59:52.180 AM"}
{"level":"info","message":"2600:1f18:12ca:300d:f3d0::40 GET /static/css/main.d4ccf73d.css 200 8277 - 1.204 ms","timestamp":"2025-01-06 10:59:52.350 AM"}
{"level":"info","message":"2600:1f18:12ca:300d:f3d0::40 GET /static/js/main.4615fc48.js 200 227740 - 1.911 ms","timestamp":"2025-01-06 10:59:52.485 AM"}
{"level":"info","message":"3.78.155.165 GET /api 200 41 - 12.758 ms","timestamp":"2025-01-06 11:07:49.257 AM"}
{"level":"info","message":"2600:1f18:12ca:300d:cf43::29 GET / 200 644 - 4.275 ms","timestamp":"2025-01-06 11:09:52.485 AM"}
{"level":"info","message":"2600:1f18:12ca:300d:cf43::29 GET /static/css/main.d4ccf73d.css 200 8277 - 2.061 ms","timestamp":"2025-01-06 11:09:52.657 AM"}
{"level":"info","message":"2600:1f18:12ca:300d:cf43::29 GET /static/js/main.4615fc48.js 200 227740 - 1.487 ms","timestamp":"2025-01-06 11:09:52.780 AM"}
{"level":"info","message":"3.78.155.165 GET /api 200 41 - 2.494 ms","timestamp":"2025-01-06 11:10:24.668 AM"}
{"level":"info","message":"3.78.155.165 GET /api 200 41 - 1.018 ms","timestamp":"2025-01-06 11:10:56.806 AM"}
{"level":"info","message":"3.78.155.165 GET /api 200 41 - 2.055 ms","timestamp":"2025-01-06 11:13:08.143 AM"}
{"level":"info","message":"3.78.155.165 GET /api 200 41 - 1.638 ms","timestamp":"2025-01-06 11:16:33.500 AM"}
{"level":"info","message":"2a05:d014:ed3:f106:ecec::16 GET / 200 644 - 1.314 ms","timestamp":"2025-01-06 11:16:41.103 AM"}
{"level":"info","message":"2a05:d014:ed3:f106:ecec::16 GET /static/js/main.4615fc48.js 200 227740 - 1.570 ms","timestamp":"2025-01-06 11:16:41.342 AM"}
{"level":"info","message":"2a05:d014:ed3:f106:ecec::16 GET /static/css/main.d4ccf73d.css 200 8277 - 3.408 ms","timestamp":"2025-01-06 11:16:41.552 AM"}
{"level":"info","message":"3.78.155.165 GET /api 200 41 - 1.898 ms","timestamp":"2025-01-06 11:19:07.427 AM"}
{"level":"info","message":"2a05:d014:ed3:f106:1a0c::1c GET / 200 644 - 2.245 ms","timestamp":"2025-01-06 11:19:09.485 AM"}
{"level":"info","message":"2a05:d014:ed3:f106:1a0c::1c GET /static/js/main.4615fc48.js 200 227740 - 2.578 ms","timestamp":"2025-01-06 11:19:09.726 AM"}
{"level":"info","message":"2a05:d014:ed3:f106:1a0c::1c GET /static/css/main.d4ccf73d.css 200 8277 - 1.774 ms","timestamp":"2025-01-06 11:19:09.928 AM"}
{"level":"info","message":"2a05:d014:ed3:f106:817a::16 GET / 200 644 - 1.491 ms","timestamp":"2025-01-06 11:19:10.065 AM"}
{"level":"info","message":"2a05:d014:ed3:f106:817a::16 GET /static/js/main.4615fc48.js 200 227740 - 1.698 ms","timestamp":"2025-01-06 11:19:10.298 AM"}
{"level":"info","message":"2a05:d014:ed3:f106:817a::16 GET /static/css/main.d4ccf73d.css 200 8277 - 1.382 ms","timestamp":"2025-01-06 11:19:10.502 AM"}
{"level":"info","message":"2a05:d014:ed3:f106:1a0c::1c GET / 200 644 - 1.996 ms","timestamp":"2025-01-06 11:19:11.613 AM"}
{"level":"info","message":"2a05:d014:ed3:f106:1a0c::1c GET /static/js/main.4615fc48.js 200 227740 - 1.351 ms","timestamp":"2025-01-06 11:19:11.846 AM"}
{"level":"info","message":"2a05:d014:ed3:f106:1a0c::1c GET /static/css/main.d4ccf73d.css 200 8277 - 1.844 ms","timestamp":"2025-01-06 11:19:12.051 AM"}
{"level":"info","message":"2a05:d014:ed3:f106:1a0c::1c GET /non-existent-page 200 644 - 3.367 ms","timestamp":"2025-01-06 11:19:13.279 AM"}
{"level":"info","message":"2a05:d014:ed3:f106:1a0c::1c GET /static/js/main.4615fc48.js 200 227740 - 1.690 ms","timestamp":"2025-01-06 11:19:13.514 AM"}
{"level":"info","message":"2a05:d014:ed3:f106:1a0c::1c GET /static/css/main.d4ccf73d.css 200 8277 - 2.504 ms","timestamp":"2025-01-06 11:19:13.717 AM"}
{"level":"info","message":"3.78.155.165 GET /api 200 41 - 1.508 ms","timestamp":"2025-01-06 11:19:41.488 AM"}
{"level":"info","message":"2a05:d014:ed3:f106:ecec::47 GET / 200 644 - 1.853 ms","timestamp":"2025-01-06 11:19:43.842 AM"}
{"level":"info","message":"2a05:d014:ed3:f106:ecec::47 GET /static/js/main.4615fc48.js 429 54 - 0.574 ms","timestamp":"2025-01-06 11:19:44.073 AM"}
{"level":"info","message":"2a05:d014:ed3:f106:ecec::47 GET /static/css/main.d4ccf73d.css 429 54 - 0.754 ms","timestamp":"2025-01-06 11:19:44.283 AM"}
{"level":"info","message":"2a05:d014:ed3:f106:ecec::10 GET / 429 54 - 0.538 ms","timestamp":"2025-01-06 11:19:44.477 AM"}
{"level":"info","message":"2a05:d014:ed3:f106:ecec::47 GET / 429 54 - 0.549 ms","timestamp":"2025-01-06 11:19:44.963 AM"}
{"level":"info","message":"2a05:d014:ed3:f106:ecec::47 GET /non-existent-page 429 54 - 0.597 ms","timestamp":"2025-01-06 11:19:45.539 AM"}
{"level":"info","message":"2600:1f18:12ca:300d:6f60::2b GET / 429 54 - 0.392 ms","timestamp":"2025-01-06 11:19:52.305 AM"}
{"level":"info","message":"::1 GET / 200 644 - 1.067 ms","timestamp":"2025-01-06 11:20:44.976 AM"}
{"level":"info","message":"::1 GET /static/css/main.d4ccf73d.css 200 8277 - 1.119 ms","timestamp":"2025-01-06 11:20:44.983 AM"}
{"level":"info","message":"::1 GET /static/js/main.4615fc48.js 200 227740 - 1.788 ms","timestamp":"2025-01-06 11:20:44.985 AM"}
{"level":"info","message":"3.78.155.165 GET /api 200 41 - 0.927 ms","timestamp":"2025-01-06 11:20:47.585 AM"}
{"level":"info","message":"2a05:d014:ed3:f106:3309::20 GET / 200 644 - 4.748 ms","timestamp":"2025-01-06 11:20:49.839 AM"}
{"level":"info","message":"2a05:d014:ed3:f106:a32d::2d GET / 200 644 - 3.903 ms","timestamp":"2025-01-06 11:20:49.853 AM"}
{"level":"info","message":"2a05:d014:ed3:f106:3309::20 GET /static/js/main.4615fc48.js 200 227740 - 1.190 ms","timestamp":"2025-01-06 11:20:50.070 AM"}
{"level":"info","message":"2a05:d014:ed3:f106:a32d::2d GET /static/js/main.4615fc48.js 200 227740 - 1.502 ms","timestamp":"2025-01-06 11:20:50.096 AM"}
{"level":"info","message":"2a05:d014:ed3:f106:3309::20 GET /static/css/main.d4ccf73d.css 200 8277 - 1.097 ms","timestamp":"2025-01-06 11:20:50.273 AM"}
{"level":"info","message":"2a05:d014:ed3:f106:a32d::2d GET /static/css/main.d4ccf73d.css 200 8277 - 3.805 ms","timestamp":"2025-01-06 11:20:50.304 AM"}
{"level":"info","message":"2a05:d014:ed3:f106:3309::20 GET / 200 644 - 2.190 ms","timestamp":"2025-01-06 11:20:52.175 AM"}
{"level":"info","message":"2a05:d014:ed3:f106:3309::20 GET /static/js/main.4615fc48.js 200 227740 - 2.011 ms","timestamp":"2025-01-06 11:20:52.405 AM"}
{"level":"info","message":"2a05:d014:ed3:f106:3309::20 GET /static/css/main.d4ccf73d.css 200 8277 - 1.323 ms","timestamp":"2025-01-06 11:20:52.610 AM"}
{"level":"info","message":"2a05:d014:ed3:f106:3309::20 GET /non-existent-page 200 644 - 3.168 ms","timestamp":"2025-01-06 11:20:53.922 AM"}
{"level":"info","message":"2a05:d014:ed3:f106:3309::20 GET /static/js/main.4615fc48.js 200 227740 - 2.473 ms","timestamp":"2025-01-06 11:20:54.156 AM"}
{"level":"info","message":"2a05:d014:ed3:f106:3309::20 GET /static/css/main.d4ccf73d.css 429 54 - 0.414 ms","timestamp":"2025-01-06 11:20:54.357 AM"}
{"level":"info","message":"2600:1f18:12ca:300d:6ab3::2f GET / 429 54 - 0.263 ms","timestamp":"2025-01-06 11:20:57.291 AM"}
{"level":"info","message":"2600:1f18:12ca:300d:4fc2::4a GET / 200 644 - 2.449 ms","timestamp":"2025-01-06 11:22:11.913 AM"}
{"level":"info","message":"2600:1f18:12ca:300d:4fc2::4a GET /static/css/main.d4ccf73d.css 200 8277 - 2.329 ms","timestamp":"2025-01-06 11:22:12.086 AM"}
{"level":"info","message":"2600:1f18:12ca:300d:4fc2::4a GET /static/js/main.4615fc48.js 200 227740 - 1.759 ms","timestamp":"2025-01-06 11:22:12.218 AM"}
{"level":"info","message":"2600:1f18:12ca:300b:3f60::15 GET / 200 644 - 2.847 ms","timestamp":"2025-01-06 11:23:01.631 AM"}
{"level":"info","message":"2600:1f18:12ca:300b:3f60::15 GET /static/css/main.d4ccf73d.css 200 8277 - 3.097 ms","timestamp":"2025-01-06 11:23:01.803 AM"}
{"level":"info","message":"2600:1f18:12ca:300b:3f60::15 GET /static/js/main.4615fc48.js 200 227740 - 1.444 ms","timestamp":"2025-01-06 11:23:01.921 AM"}
{"level":"info","message":"2600:1f18:12ca:300d:8131::3 GET / 200 644 - 1.943 ms","timestamp":"2025-01-06 11:29:52.150 AM"}
{"level":"info","message":"2600:1f18:12ca:300d:8131::3 GET /static/css/main.d4ccf73d.css 200 8277 - 2.170 ms","timestamp":"2025-01-06 11:29:52.322 AM"}
{"level":"info","message":"2600:1f18:12ca:300d:8131::3 GET /static/js/main.4615fc48.js 200 227740 - 1.540 ms","timestamp":"2025-01-06 11:29:52.459 AM"}
{"level":"info","message":"2804:14c:132:5926:d0f6:9549:3dd5:6d11 GET / 304 - - 23.654 ms","timestamp":"2025-01-06 11:30:56.691 AM"}
{"level":"info","message":"2804:14c:132:5926:d0f6:9549:3dd5:6d11 GET /static/css/main.d4ccf73d.css 304 - - 4.675 ms","timestamp":"2025-01-06 11:30:56.805 AM"}
{"level":"info","message":"2804:14c:132:5926:d0f6:9549:3dd5:6d11 GET /static/js/main.4615fc48.js 200 227740 - 5.757 ms","timestamp":"2025-01-06 11:30:56.812 AM"}
{"level":"info","message":"2804:14c:132:5926:d0f6:9549:3dd5:6d11 GET /logo192.png 200 5347 - 3.667 ms","timestamp":"2025-01-06 11:30:57.062 AM"}
{"level":"info","message":"2804:14c:132:5926:d0f6:9549:3dd5:6d11 GET /favicon.ico 200 3870 - 10.181 ms","timestamp":"2025-01-06 11:30:57.075 AM"}
{"level":"info","message":"::ffff:127.0.0.1 GET / 200 644 - 3.813 ms","timestamp":"2025-01-06 11:31:09.704 AM"}
{"level":"info","message":"::ffff:127.0.0.1 GET /static/css/main.d4ccf73d.css 200 8277 - 2.239 ms","timestamp":"2025-01-06 11:31:09.787 AM"}
{"level":"info","message":"::ffff:127.0.0.1 GET /static/js/main.4615fc48.js 200 227740 - 4.668 ms","timestamp":"2025-01-06 11:31:09.789 AM"}
{"level":"info","message":"::ffff:127.0.0.1 GET /logo192.png 200 5347 - 2.518 ms","timestamp":"2025-01-06 11:31:09.992 AM"}
{"level":"info","message":"::ffff:127.0.0.1 GET /favicon.ico 200 3870 - 2.820 ms","timestamp":"2025-01-06 11:31:09.993 AM"}
{"level":"info","message":"::ffff:127.0.0.1 GET / 304 - - 16.669 ms","timestamp":"2025-01-06 11:33:21.642 AM"}
{"level":"info","message":"::ffff:127.0.0.1 GET /static/js/main.4615fc48.js 304 - - 4.214 ms","timestamp":"2025-01-06 11:33:21.740 AM"}
{"level":"info","message":"::ffff:127.0.0.1 GET /static/css/main.d4ccf73d.css 304 - - 3.846 ms","timestamp":"2025-01-06 11:33:21.742 AM"}
{"level":"info","message":"::ffff:127.0.0.1 GET / 304 - - 10.028 ms","timestamp":"2025-01-06 11:34:38.194 AM"}
{"level":"info","message":"::ffff:127.0.0.1 GET /static/css/main.d4ccf73d.css 304 - - 1.956 ms","timestamp":"2025-01-06 11:34:38.239 AM"}
{"level":"info","message":"::ffff:127.0.0.1 GET /static/js/main.4615fc48.js 304 - - 3.322 ms","timestamp":"2025-01-06 11:34:38.241 AM"}
{"level":"info","message":"::ffff:127.0.0.1 GET / 200 644 - 12.801 ms","timestamp":"2025-01-06 11:36:14.348 AM"}
{"level":"info","message":"::ffff:127.0.0.1 GET /static/css/main.5b79ed43.css 200 9452 - 4.617 ms","timestamp":"2025-01-06 11:36:14.416 AM"}
{"level":"info","message":"::ffff:127.0.0.1 GET /static/js/main.97f0de8d.js 200 228114 - 5.624 ms","timestamp":"2025-01-06 11:36:14.418 AM"}
{"level":"info","message":"::ffff:127.0.0.1 GET /images/main_home.jpg 200 10778326 - 8.664 ms","timestamp":"2025-01-06 11:36:14.608 AM"}
{"level":"info","message":"2600:1f18:12ca:300d:4fc2::9 GET / 200 644 - 2.225 ms","timestamp":"2025-01-06 11:39:52.592 AM"}
{"level":"info","message":"2600:1f18:12ca:300d:4fc2::9 GET /static/css/main.5b79ed43.css 200 9452 - 3.372 ms","timestamp":"2025-01-06 11:39:52.766 AM"}
{"level":"info","message":"2600:1f18:12ca:300d:4fc2::9 GET /static/js/main.97f0de8d.js 200 228114 - 1.886 ms","timestamp":"2025-01-06 11:39:52.891 AM"}
{"level":"info","message":"2600:1f18:12ca:300d:4fc2::9 GET /images/main_home.jpg 200 10778326 - 1.049 ms","timestamp":"2025-01-06 11:39:53.977 AM"}
{"level":"info","message":"2600:1f18:12ca:300d:4fc2::4a GET / 200 644 - 14.084 ms","timestamp":"2025-01-06 11:49:52.274 AM"}
{"level":"info","message":"2600:1f18:12ca:300d:4fc2::4a GET /static/css/main.5b79ed43.css 200 9452 - 7.649 ms","timestamp":"2025-01-06 11:49:52.456 AM"}
{"level":"info","message":"2600:1f18:12ca:300d:4fc2::4a GET /static/js/main.97f0de8d.js 200 228114 - 56.417 ms","timestamp":"2025-01-06 11:49:52.636 AM"}
{"level":"info","message":"2600:1f18:12ca:300d:4fc2::4a GET /images/main_home.jpg 200 10778326 - 8.375 ms","timestamp":"2025-01-06 11:49:53.707 AM"}
{"level":"info","message":"2600:1f18:12ca:300d:cf43::2f GET / 200 644 - 3.251 ms","timestamp":"2025-01-06 11:59:52.392 AM"}
{"level":"info","message":"2600:1f18:12ca:300d:cf43::2f GET /static/css/main.5b79ed43.css 200 9452 - 4.355 ms","timestamp":"2025-01-06 11:59:52.573 AM"}
{"level":"info","message":"2600:1f18:12ca:300d:cf43::2f GET /static/js/main.97f0de8d.js 200 228114 - 2.852 ms","timestamp":"2025-01-06 11:59:52.702 AM"}
{"level":"info","message":"2600:1f18:12ca:300d:cf43::2f GET /images/main_home.jpg 200 10778326 - 2.970 ms","timestamp":"2025-01-06 11:59:53.770 AM"}
{"level":"info","message":"2600:1f18:12ca:300d:1bc5::e GET / 200 644 - 3.041 ms","timestamp":"2025-01-06 12:09:52.585 PM"}
{"level":"info","message":"2600:1f18:12ca:300d:1bc5::e GET /static/css/main.5b79ed43.css 200 9452 - 1.941 ms","timestamp":"2025-01-06 12:09:52.759 PM"}
{"level":"info","message":"2600:1f18:12ca:300d:1bc5::e GET /static/js/main.97f0de8d.js 200 228114 - 3.612 ms","timestamp":"2025-01-06 12:09:52.887 PM"}
{"level":"info","message":"2600:1f18:12ca:300d:1bc5::e GET /images/main_home.jpg 200 10778326 - 2.707 ms","timestamp":"2025-01-06 12:09:54.097 PM"}
{"level":"info","message":"2600:1f18:12ca:300d:b705::2d GET / 200 644 - 23.602 ms","timestamp":"2025-01-09 11:10:57.781 AM"}
{"level":"info","message":"2600:1f18:12ca:300d:b705::2d GET /static/css/main.d4ccf73d.css 200 8277 - 4.585 ms","timestamp":"2025-01-09 11:10:57.946 AM"}
{"level":"info","message":"2600:1f18:12ca:300d:b705::2d GET /static/js/main.4615fc48.js 200 227740 - 57.776 ms","timestamp":"2025-01-09 11:10:58.143 AM"}
{"level":"info","message":"2804:14c:132:5926:914c:15d8:9fed:a729 GET / 200 644 - 1.135 ms","timestamp":"2025-01-09 11:11:15.763 AM"}
{"level":"info","message":"2804:14c:132:5926:914c:15d8:9fed:a729 GET /static/js/main.4615fc48.js 200 227740 - 1.636 ms","timestamp":"2025-01-09 11:11:15.971 AM"}
{"level":"info","message":"2804:14c:132:5926:914c:15d8:9fed:a729 GET /static/css/main.d4ccf73d.css 200 8277 - 1.469 ms","timestamp":"2025-01-09 11:11:16.004 AM"}
{"level":"info","message":"2804:14c:132:5926:914c:15d8:9fed:a729 GET /favicon.ico 200 3870 - 14.714 ms","timestamp":"2025-01-09 11:11:16.312 AM"}
{"level":"info","message":"2804:14c:132:5926:914c:15d8:9fed:a729 GET /logo192.png 200 5347 - 30.634 ms","timestamp":"2025-01-09 11:11:16.326 AM"}
{"level":"info","message":"2804:14c:132:5926:914c:15d8:9fed:a729 GET / 200 644 - 14.323 ms","timestamp":"2025-01-09 11:24:32.003 AM"}
{"level":"info","message":"2804:14c:132:5926:914c:15d8:9fed:a729 GET /static/css/main.0e59937c.css 200 9650 - 1.725 ms","timestamp":"2025-01-09 11:24:32.189 AM"}
{"level":"info","message":"2804:14c:132:5926:914c:15d8:9fed:a729 GET /static/js/main.f14eae3d.js 200 228011 - 1.886 ms","timestamp":"2025-01-09 11:24:32.198 AM"}
{"level":"info","message":"2804:14c:132:5926:914c:15d8:9fed:a729 GET /images/main_home.jpg 200 10778326 - 4.116 ms","timestamp":"2025-01-09 11:24:33.128 AM"}
{"level":"info","message":"::1 GET / 200 644 - 1.490 ms","timestamp":"2025-01-09 11:28:51.265 AM"}
{"level":"info","message":"::1 GET /static/css/main.0e59937c.css 200 9650 - 1.438 ms","timestamp":"2025-01-09 11:28:51.286 AM"}
{"level":"info","message":"::1 GET /static/js/main.f14eae3d.js 200 228011 - 2.309 ms","timestamp":"2025-01-09 11:28:51.288 AM"}
{"level":"info","message":"::1 GET /images/main_home.jpg 200 10778326 - 1.198 ms","timestamp":"2025-01-09 11:28:51.469 AM"}
{"level":"info","message":"2804:14c:132:5926:d99:ed2f:3523:fbd4 GET / 200 644 - 12.859 ms","timestamp":"2025-01-09 11:32:44.457 AM"}
{"level":"info","message":"2804:14c:132:5926:d99:ed2f:3523:fbd4 GET /static/js/main.f14eae3d.js 200 228011 - 1.486 ms","timestamp":"2025-01-09 11:32:44.617 AM"}
{"level":"info","message":"2804:14c:132:5926:d99:ed2f:3523:fbd4 GET /static/css/main.0e59937c.css 200 9650 - 1.162 ms","timestamp":"2025-01-09 11:32:44.627 AM"}
{"level":"info","message":"2804:14c:132:5926:d99:ed2f:3523:fbd4 GET /images/main_home.jpg 304 - - 1.109 ms","timestamp":"2025-01-09 11:32:44.780 AM"}
{"level":"info","message":"2804:14c:132:5926:d99:ed2f:3523:fbd4 GET /logo192.png - - - - ms","timestamp":"2025-01-09 11:32:44.836 AM"}
{"level":"info","message":"::1 GET / 200 644 - 1.027 ms","timestamp":"2025-01-09 11:33:00.606 AM"}
{"level":"info","message":"::1 GET /static/css/main.0e59937c.css 200 9650 - 1.365 ms","timestamp":"2025-01-09 11:33:00.613 AM"}
{"level":"info","message":"::1 GET /static/js/main.f14eae3d.js 200 228011 - 2.037 ms","timestamp":"2025-01-09 11:33:00.615 AM"}
{"level":"info","message":"::1 GET /images/main_home.jpg 200 10778326 - 1.593 ms","timestamp":"2025-01-09 11:33:00.708 AM"}
{"level":"info","message":"2600:1f18:12ca:300d:55f2::58 GET / 200 644 - 1.234 ms","timestamp":"2025-01-09 11:33:07.728 AM"}
{"level":"info","message":"2600:1f18:12ca:300d:55f2::58 GET /static/css/main.0e59937c.css 200 9650 - 1.031 ms","timestamp":"2025-01-09 11:33:07.902 AM"}
{"level":"info","message":"2600:1f18:12ca:300d:55f2::58 GET /static/js/main.f14eae3d.js 200 228011 - 0.921 ms","timestamp":"2025-01-09 11:33:08.027 AM"}
{"level":"info","message":"2600:1f18:12ca:300d:55f2::58 GET /images/main_home.jpg 200 10778326 - 0.969 ms","timestamp":"2025-01-09 11:33:09.450 AM"}
{"level":"info","message":"2804:14c:132:5926:d99:ed2f:3523:fbd4 GET / 200 644 - 1.061 ms","timestamp":"2025-01-09 11:35:49.564 AM"}
{"level":"info","message":"2804:14c:132:5926:d99:ed2f:3523:fbd4 GET /static/js/main.f14eae3d.js 200 228011 - 1.342 ms","timestamp":"2025-01-09 11:35:49.612 AM"}
{"level":"info","message":"2804:14c:132:5926:d99:ed2f:3523:fbd4 GET /static/css/main.0e59937c.css 200 9650 - 0.915 ms","timestamp":"2025-01-09 11:35:49.619 AM"}
{"level":"info","message":"2804:14c:132:5926:d99:ed2f:3523:fbd4 GET /images/main_home.jpg 200 10778326 - 0.890 ms","timestamp":"2025-01-09 11:35:49.990 AM"}
{"level":"info","message":"2804:14c:132:5926:d99:ed2f:3523:fbd4 GET / 200 644 - 0.875 ms","timestamp":"2025-01-09 11:36:51.790 AM"}
{"level":"info","message":"2804:14c:132:5926:d99:ed2f:3523:fbd4 GET /static/css/main.0e59937c.css 200 9650 - 1.002 ms","timestamp":"2025-01-09 11:36:51.832 AM"}
{"level":"info","message":"2804:14c:132:5926:d99:ed2f:3523:fbd4 GET /static/js/main.f14eae3d.js 200 228011 - 2.183 ms","timestamp":"2025-01-09 11:36:51.833 AM"}
{"level":"info","message":"2804:14c:132:5926:d99:ed2f:3523:fbd4 GET /images/main_home.jpg 200 10778326 - 0.999 ms","timestamp":"2025-01-09 11:36:52.015 AM"}
{"level":"info","message":"2600:1f18:12ca:300d:357::b GET / 200 644 - 1.146 ms","timestamp":"2025-01-09 11:39:51.939 AM"}
{"level":"info","message":"2600:1f18:12ca:300d:357::b GET /static/js/main.f14eae3d.js 200 228011 - 0.930 ms","timestamp":"2025-01-09 11:39:52.112 AM"}
{"level":"info","message":"2600:1f18:12ca:300d:357::b GET /static/css/main.0e59937c.css 200 9650 - 0.875 ms","timestamp":"2025-01-09 11:39:52.252 AM"}
{"level":"info","message":"2600:1f18:12ca:300d:357::b GET /images/main_home.jpg 200 10778326 - 0.912 ms","timestamp":"2025-01-09 11:39:53.239 AM"}
{"level":"info","message":"2804:14c:132:5926:d99:ed2f:3523:fbd4 GET / 200 644 - 1.009 ms","timestamp":"2025-01-09 11:45:50.130 AM"}
{"level":"info","message":"2804:14c:132:5926:d99:ed2f:3523:fbd4 GET /static/js/main.f14eae3d.js 200 228011 - 1.038 ms","timestamp":"2025-01-09 11:45:50.166 AM"}
{"level":"info","message":"2804:14c:132:5926:d99:ed2f:3523:fbd4 GET /static/css/main.0e59937c.css 200 9650 - 0.984 ms","timestamp":"2025-01-09 11:45:50.169 AM"}
{"level":"info","message":"2804:14c:132:5926:d99:ed2f:3523:fbd4 GET /images/main_home.jpg 200 10778326 - 0.966 ms","timestamp":"2025-01-09 11:45:50.343 AM"}
{"level":"info","message":"3.78.155.165 GET /api 200 41 - 2.044 ms","timestamp":"2025-01-09 11:45:53.311 AM"}
{"level":"info","message":"2a05:d014:ed3:f106:78f9::8 GET / 200 644 - 0.891 ms","timestamp":"2025-01-09 11:45:55.752 AM"}
{"level":"info","message":"2a05:d014:ed3:f106:d9ee::48 GET / 200 644 - 0.817 ms","timestamp":"2025-01-09 11:45:55.793 AM"}
{"level":"info","message":"2a05:d014:ed3:f106:78f9::8 GET /static/js/main.f14eae3d.js 200 228011 - 0.857 ms","timestamp":"2025-01-09 11:45:55.990 AM"}
{"level":"info","message":"2a05:d014:ed3:f106:d9ee::48 GET /static/css/main.0e59937c.css 200 9650 - 0.862 ms","timestamp":"2025-01-09 11:45:56.020 AM"}
{"level":"info","message":"2a05:d014:ed3:f106:78f9::8 GET /static/css/main.0e59937c.css 200 9650 - 0.833 ms","timestamp":"2025-01-09 11:45:56.195 AM"}
{"level":"info","message":"2a05:d014:ed3:f106:d9ee::48 GET /static/js/main.f14eae3d.js 200 228011 - 0.811 ms","timestamp":"2025-01-09 11:45:56.226 AM"}
{"level":"info","message":"2a05:d014:ed3:f106:78f9::8 GET /images/main_home.jpg 200 10778326 - 0.854 ms","timestamp":"2025-01-09 11:45:57.343 AM"}
{"level":"info","message":"2a05:d014:ed3:f106:d9ee::48 GET /images/main_home.jpg 200 10778326 - 0.834 ms","timestamp":"2025-01-09 11:45:57.553 AM"}
{"level":"info","message":"2a05:d014:ed3:f106:d9ee::48 GET / 200 644 - 0.833 ms","timestamp":"2025-01-09 11:45:57.920 AM"}
{"level":"info","message":"2a05:d014:ed3:f106:d9ee::48 GET /static/css/main.0e59937c.css 200 9650 - 0.838 ms","timestamp":"2025-01-09 11:45:58.148 AM"}
{"level":"info","message":"2a05:d014:ed3:f106:d9ee::48 GET /static/js/main.f14eae3d.js 429 54 - 0.482 ms","timestamp":"2025-01-09 11:45:58.349 AM"}
{"level":"info","message":"2a05:d014:ed3:f106:d9ee::48 GET /non-existent-page 429 54 - 0.351 ms","timestamp":"2025-01-09 11:45:59.485 AM"}
{"level":"info","message":"2804:14c:132:5926:d99:ed2f:3523:fbd4 GET / 429 54 - 0.321 ms","timestamp":"2025-01-09 11:46:48.207 AM"}
{"level":"info","message":"3.78.155.165 GET /api 200 41 - 3.008 ms","timestamp":"2025-01-09 11:46:50.734 AM"}
{"level":"info","message":"2a05:d014:ed3:f106:d9ee::48 GET / 200 644 - 0.856 ms","timestamp":"2025-01-09 11:46:53.190 AM"}
{"level":"info","message":"2a05:d014:ed3:f106:d9ee::48 GET /static/js/main.f14eae3d.js 200 228011 - 0.853 ms","timestamp":"2025-01-09 11:46:53.429 AM"}
{"level":"info","message":"2a05:d014:ed3:f106:d9ee::48 GET /static/css/main.0e59937c.css 200 9650 - 0.806 ms","timestamp":"2025-01-09 11:46:53.631 AM"}
{"level":"info","message":"2a05:d014:ed3:f106:52e9::24 GET / 200 644 - 0.782 ms","timestamp":"2025-01-09 11:46:54.058 AM"}
{"level":"info","message":"2a05:d014:ed3:f106:52e9::24 GET /static/js/main.f14eae3d.js 200 228011 - 0.853 ms","timestamp":"2025-01-09 11:46:54.287 AM"}
{"level":"info","message":"2a05:d014:ed3:f106:52e9::24 GET /static/css/main.0e59937c.css 200 9650 - 1.118 ms","timestamp":"2025-01-09 11:46:54.490 AM"}
{"level":"info","message":"2a05:d014:ed3:f106:d9ee::48 GET /images/main_home.jpg 200 10778326 - 1.557 ms","timestamp":"2025-01-09 11:46:54.595 AM"}
{"level":"info","message":"2a05:d014:ed3:f106:d9ee::48 GET / 200 644 - 0.908 ms","timestamp":"2025-01-09 11:46:55.351 AM"}
{"level":"info","message":"2a05:d014:ed3:f106:52e9::24 GET /images/main_home.jpg 200 10778326 - 1.485 ms","timestamp":"2025-01-09 11:46:55.558 AM"}
{"level":"info","message":"2a05:d014:ed3:f106:d9ee::48 GET /static/js/main.f14eae3d.js 200 228011 - 0.849 ms","timestamp":"2025-01-09 11:46:55.578 AM"}
{"level":"info","message":"2a05:d014:ed3:f106:d9ee::48 GET /static/css/main.0e59937c.css 200 9650 - 0.827 ms","timestamp":"2025-01-09 11:46:55.790 AM"}
{"level":"info","message":"2a05:d014:ed3:f106:d9ee::48 GET /images/main_home.jpg 200 10778326 - 0.836 ms","timestamp":"2025-01-09 11:46:56.671 AM"}
{"level":"info","message":"2a05:d014:ed3:f106:d9ee::48 GET /non-existent-page 200 644 - 1.532 ms","timestamp":"2025-01-09 11:46:56.970 AM"}
{"level":"info","message":"2a05:d014:ed3:f106:d9ee::48 GET /static/js/main.f14eae3d.js 200 228011 - 0.908 ms","timestamp":"2025-01-09 11:46:57.196 AM"}
{"level":"info","message":"2a05:d014:ed3:f106:d9ee::48 GET /static/css/main.0e59937c.css 429 54 - 0.254 ms","timestamp":"2025-01-09 11:46:57.399 AM"}
{"level":"info","message":"2804:14c:132:5926:d99:ed2f:3523:fbd4 GET / 200 644 - 1.092 ms","timestamp":"2025-01-09 11:47:58.998 AM"}
{"level":"info","message":"2804:14c:132:5926:d99:ed2f:3523:fbd4 GET /static/css/main.0e59937c.css 200 9650 - 1.520 ms","timestamp":"2025-01-09 11:47:59.032 AM"}
{"level":"info","message":"2804:14c:132:5926:d99:ed2f:3523:fbd4 GET /static/js/main.f14eae3d.js 200 228011 - 1.712 ms","timestamp":"2025-01-09 11:47:59.034 AM"}
{"level":"info","message":"2804:14c:132:5926:d99:ed2f:3523:fbd4 GET /images/main_home.jpg 200 10778326 - 0.898 ms","timestamp":"2025-01-09 11:47:59.208 AM"}
{"level":"info","message":"3.78.155.165 GET /api 200 41 - 2.957 ms","timestamp":"2025-01-09 11:48:01.626 AM"}
{"level":"info","message":"2a05:d014:ed3:f106:517e::49 GET / 200 644 - 3.177 ms","timestamp":"2025-01-09 11:48:03.481 AM"}
{"level":"info","message":"2a05:d014:ed3:f106:517e::2b GET / 200 644 - 3.516 ms","timestamp":"2025-01-09 11:48:03.565 AM"}
{"level":"info","message":"2a05:d014:ed3:f106:517e::49 GET /static/js/main.f14eae3d.js 200 228011 - 3.026 ms","timestamp":"2025-01-09 11:48:03.731 AM"}
{"level":"info","message":"2a05:d014:ed3:f106:517e::2b GET /static/js/main.f14eae3d.js 200 228011 - 0.938 ms","timestamp":"2025-01-09 11:48:03.792 AM"}
{"level":"info","message":"2a05:d014:ed3:f106:517e::49 GET /static/css/main.0e59937c.css 200 9650 - 1.832 ms","timestamp":"2025-01-09 11:48:03.932 AM"}
{"level":"info","message":"2a05:d014:ed3:f106:517e::2b GET /static/css/main.0e59937c.css 200 9650 - 0.790 ms","timestamp":"2025-01-09 11:48:04.001 AM"}
{"level":"info","message":"2a05:d014:ed3:f106:517e::2b GET /images/main_home.jpg 200 10778326 - 0.856 ms","timestamp":"2025-01-09 11:48:04.936 AM"}
{"level":"info","message":"2a05:d014:ed3:f106:517e::49 GET /images/main_home.jpg 200 10778326 - 0.860 ms","timestamp":"2025-01-09 11:48:04.999 AM"}
{"level":"info","message":"2a05:d014:ed3:f106:517e::2b GET / 200 644 - 8.678 ms","timestamp":"2025-01-09 11:48:05.211 AM"}
{"level":"info","message":"2a05:d014:ed3:f106:517e::2b GET /static/css/main.0e59937c.css 200 9650 - 0.913 ms","timestamp":"2025-01-09 11:48:05.436 AM"}
{"level":"info","message":"2a05:d014:ed3:f106:517e::2b GET /static/js/main.f14eae3d.js 429 54 - 0.405 ms","timestamp":"2025-01-09 11:48:05.640 AM"}
{"level":"info","message":"2a05:d014:ed3:f106:517e::2b GET /non-existent-page 429 54 - 1.282 ms","timestamp":"2025-01-09 11:48:06.158 AM"}
{"level":"info","message":"2600:1f18:12ca:300d:8577::3a GET / 200 644 - 0.871 ms","timestamp":"2025-01-09 11:49:51.385 AM"}
{"level":"info","message":"2600:1f18:12ca:300d:8577::3a GET /static/js/main.f14eae3d.js 200 228011 - 0.851 ms","timestamp":"2025-01-09 11:49:51.577 AM"}
{"level":"info","message":"2600:1f18:12ca:300d:8577::3a GET /static/css/main.0e59937c.css 200 9650 - 0.889 ms","timestamp":"2025-01-09 11:49:51.704 AM"}
{"level":"info","message":"2600:1f18:12ca:300d:8577::3a GET /images/main_home.jpg 200 10778326 - 0.830 ms","timestamp":"2025-01-09 11:49:52.727 AM"}
{"level":"info","message":"2804:14c:132:5926:d99:ed2f:3523:fbd4 GET / 200 644 - 0.836 ms","timestamp":"2025-01-09 11:51:26.334 AM"}
{"level":"info","message":"2804:14c:132:5926:d99:ed2f:3523:fbd4 GET /static/js/main.f14eae3d.js 200 228011 - 0.880 ms","timestamp":"2025-01-09 11:51:26.368 AM"}
{"level":"info","message":"2804:14c:132:5926:d99:ed2f:3523:fbd4 GET /static/css/main.0e59937c.css 200 9650 - 0.787 ms","timestamp":"2025-01-09 11:51:26.378 AM"}
{"level":"info","message":"2804:14c:132:5926:d99:ed2f:3523:fbd4 GET /images/main_home.jpg 200 10778326 - 0.971 ms","timestamp":"2025-01-09 11:51:26.546 AM"}
{"level":"info","message":"3.78.155.165 GET /api 200 41 - 2.541 ms","timestamp":"2025-01-09 11:51:29.678 AM"}
{"level":"info","message":"2a05:d014:ed3:f106:d9ee::6d GET / 200 644 - 0.767 ms","timestamp":"2025-01-09 11:51:31.270 AM"}
{"level":"info","message":"2a05:d014:ed3:f106:d9ee::6d GET /static/js/main.f14eae3d.js 200 228011 - 0.882 ms","timestamp":"2025-01-09 11:51:31.508 AM"}
{"level":"info","message":"2a05:d014:ed3:f106:d9ee::6d GET /static/css/main.0e59937c.css 200 9650 - 1.129 ms","timestamp":"2025-01-09 11:51:31.714 AM"}
{"level":"info","message":"2a05:d014:ed3:f106:7309::31 GET / 200 644 - 3.160 ms","timestamp":"2025-01-09 11:51:32.009 AM"}
{"level":"info","message":"2a05:d014:ed3:f106:7309::31 GET /static/css/main.0e59937c.css 200 9650 - 3.353 ms","timestamp":"2025-01-09 11:51:32.234 AM"}
{"level":"info","message":"2a05:d014:ed3:f106:7309::31 GET /static/js/main.f14eae3d.js 200 228011 - 1.099 ms","timestamp":"2025-01-09 11:51:32.434 AM"}
{"level":"info","message":"2a05:d014:ed3:f106:d9ee::6d GET /images/main_home.jpg 200 10778326 - 2.394 ms","timestamp":"2025-01-09 11:51:33.072 AM"}
{"level":"info","message":"2a05:d014:ed3:f106:7309::31 GET /images/main_home.jpg 200 10778326 - 1.409 ms","timestamp":"2025-01-09 11:51:33.595 AM"}
{"level":"info","message":"2a05:d014:ed3:f106:7309::31 GET / 200 644 - 3.256 ms","timestamp":"2025-01-09 11:51:34.252 AM"}
{"level":"info","message":"2a05:d014:ed3:f106:7309::31 GET /static/js/main.f14eae3d.js 200 228011 - 1.274 ms","timestamp":"2025-01-09 11:51:34.477 AM"}
{"level":"info","message":"2a05:d014:ed3:f106:7309::31 GET /static/css/main.0e59937c.css 429 54 - 0.426 ms","timestamp":"2025-01-09 11:51:34.680 AM"}
{"level":"info","message":"2a05:d014:ed3:f106:7309::31 GET /images/main_home.jpg 429 54 - 0.255 ms","timestamp":"2025-01-09 11:51:35.543 AM"}
{"level":"info","message":"2a05:d014:ed3:f106:7309::31 GET /non-existent-page 429 54 - 1.290 ms","timestamp":"2025-01-09 11:51:35.844 AM"}
{"level":"info","message":"2804:14c:132:5926:d99:ed2f:3523:fbd4 GET /23232 200 644 - 1.289 ms","timestamp":"2025-01-09 11:52:44.491 AM"}
{"level":"info","message":"2804:14c:132:5926:d99:ed2f:3523:fbd4 GET /static/js/main.f14eae3d.js 304 - - 0.759 ms","timestamp":"2025-01-09 11:52:44.635 AM"}
{"level":"info","message":"2804:14c:132:5926:d99:ed2f:3523:fbd4 GET /static/css/main.0e59937c.css 304 - - 0.730 ms","timestamp":"2025-01-09 11:52:44.642 AM"}
{"level":"info","message":"2600:1f18:12ca:300d:6167::4e GET / 200 644 - 1.023 ms","timestamp":"2025-01-09 11:59:51.026 AM"}
{"level":"info","message":"2600:1f18:12ca:300d:6167::4e GET /static/js/main.f14eae3d.js 200 228011 - 0.860 ms","timestamp":"2025-01-09 11:59:51.189 AM"}
{"level":"info","message":"2600:1f18:12ca:300d:6167::4e GET /static/css/main.0e59937c.css 200 9650 - 1.126 ms","timestamp":"2025-01-09 11:59:51.319 AM"}
{"level":"info","message":"2600:1f18:12ca:300d:6167::4e GET /images/main_home.jpg 200 10778326 - 2.379 ms","timestamp":"2025-01-09 11:59:52.258 AM"}
{"level":"info","message":"::1 HEAD /non-existent-page 200 644 - 6.776 ms","timestamp":"2025-01-09 12:02:01.514 PM"}
{"level":"info","message":"2804:14c:132:5926:d99:ed2f:3523:fbd4 GET / 200 644 - 2.094 ms","timestamp":"2025-01-09 12:02:39.622 PM"}
{"level":"info","message":"2804:14c:132:5926:d99:ed2f:3523:fbd4 GET /static/css/main.0e59937c.css 200 9650 - 1.183 ms","timestamp":"2025-01-09 12:02:39.661 PM"}
{"level":"info","message":"2804:14c:132:5926:d99:ed2f:3523:fbd4 GET /static/js/main.f14eae3d.js 200 228011 - 1.005 ms","timestamp":"2025-01-09 12:02:39.666 PM"}
{"level":"info","message":"2804:14c:132:5926:d99:ed2f:3523:fbd4 GET /images/main_home.jpg 200 10778326 - 1.286 ms","timestamp":"2025-01-09 12:02:39.867 PM"}
{"level":"info","message":"3.78.155.165 GET /api 200 41 - 1.785 ms","timestamp":"2025-01-09 12:02:42.627 PM"}
{"level":"info","message":"2a05:d014:ed3:f106:c68c::45 GET / 200 644 - 3.438 ms","timestamp":"2025-01-09 12:02:44.320 PM"}
{"level":"info","message":"2a05:d014:ed3:f106:c68c::45 GET /static/js/main.f14eae3d.js 200 228011 - 3.367 ms","timestamp":"2025-01-09 12:02:44.551 PM"}
{"level":"info","message":"2a05:d014:ed3:f106:c68c::45 GET /static/css/main.0e59937c.css 200 9650 - 1.370 ms","timestamp":"2025-01-09 12:02:44.751 PM"}
{"level":"info","message":"2a05:d014:ed3:f106:517e::27 GET / 200 644 - 0.997 ms","timestamp":"2025-01-09 12:02:44.789 PM"}
{"level":"info","message":"2a05:d014:ed3:f106:517e::27 GET /static/js/main.f14eae3d.js 200 228011 - 1.046 ms","timestamp":"2025-01-09 12:02:45.029 PM"}
{"level":"info","message":"2a05:d014:ed3:f106:517e::27 GET /static/css/main.0e59937c.css 200 9650 - 1.491 ms","timestamp":"2025-01-09 12:02:45.240 PM"}
{"level":"info","message":"2a05:d014:ed3:f106:c68c::45 GET /images/main_home.jpg 200 10778326 - 0.859 ms","timestamp":"2025-01-09 12:02:45.680 PM"}
{"level":"info","message":"2a05:d014:ed3:f106:c68c::45 GET / 200 644 - 3.703 ms","timestamp":"2025-01-09 12:02:46.240 PM"}
{"level":"info","message":"2a05:d014:ed3:f106:c68c::45 GET /static/js/main.f14eae3d.js 200 228011 - 1.145 ms","timestamp":"2025-01-09 12:02:46.466 PM"}
{"level":"info","message":"2a05:d014:ed3:f106:517e::27 GET /images/main_home.jpg 200 10778326 - 1.000 ms","timestamp":"2025-01-09 12:02:46.500 PM"}
{"level":"info","message":"2a05:d014:ed3:f106:c68c::45 GET /static/css/main.0e59937c.css 200 9650 - 1.581 ms","timestamp":"2025-01-09 12:02:46.669 PM"}
{"level":"info","message":"2a05:d014:ed3:f106:c68c::45 GET /images/main_home.jpg 200 10778326 - 0.840 ms","timestamp":"2025-01-09 12:02:47.554 PM"}
{"level":"info","message":"2a05:d014:ed3:f106:c68c::45 GET /non-existent-page 200 644 - 4.426 ms","timestamp":"2025-01-09 12:02:48.172 PM"}
{"level":"info","message":"2a05:d014:ed3:f106:c68c::45 GET /static/js/main.f14eae3d.js 200 228011 - 0.886 ms","timestamp":"2025-01-09 12:02:48.407 PM"}
{"level":"info","message":"2a05:d014:ed3:f106:c68c::45 GET /static/css/main.0e59937c.css 200 9650 - 0.896 ms","timestamp":"2025-01-09 12:02:48.597 PM"}
{"level":"info","message":"2804:14c:132:5926:d99:ed2f:3523:fbd4 GET / 200 644 - 1.152 ms","timestamp":"2025-01-09 12:04:06.810 PM"}
{"level":"info","message":"2804:14c:132:5926:d99:ed2f:3523:fbd4 GET /static/css/main.0e59937c.css 200 9650 - 1.889 ms","timestamp":"2025-01-09 12:04:06.860 PM"}
{"level":"info","message":"2804:14c:132:5926:d99:ed2f:3523:fbd4 GET /static/js/main.f14eae3d.js 200 228011 - 2.238 ms","timestamp":"2025-01-09 12:04:06.862 PM"}
{"level":"info","message":"2804:14c:132:5926:d99:ed2f:3523:fbd4 GET /images/main_home.jpg 200 10778326 - 0.814 ms","timestamp":"2025-01-09 12:04:07.040 PM"}
{"level":"info","message":"3.78.155.165 GET /api 200 41 - 2.549 ms","timestamp":"2025-01-09 12:04:09.577 PM"}
{"level":"info","message":"2a05:d014:ed3:f106:d9ee::36 GET / 200 644 - 2.801 ms","timestamp":"2025-01-09 12:04:11.405 PM"}
{"level":"info","message":"2a05:d014:ed3:f106:d9ee::36 GET /static/js/main.f14eae3d.js 200 228011 - 2.865 ms","timestamp":"2025-01-09 12:04:11.636 PM"}
{"level":"info","message":"2a05:d014:ed3:f106:d9ee::36 GET /static/css/main.0e59937c.css 200 9650 - 0.887 ms","timestamp":"2025-01-09 12:04:11.838 PM"}
{"level":"info","message":"2a05:d014:ed3:f106:52e9::5b GET / 200 644 - 0.743 ms","timestamp":"2025-01-09 12:04:12.689 PM"}
{"level":"info","message":"2a05:d014:ed3:f106:d9ee::36 GET /images/main_home.jpg 200 10778326 - 0.943 ms","timestamp":"2025-01-09 12:04:12.788 PM"}
{"level":"info","message":"2a05:d014:ed3:f106:52e9::5b GET /static/css/main.0e59937c.css 200 9650 - 3.033 ms","timestamp":"2025-01-09 12:04:12.923 PM"}
{"level":"info","message":"2a05:d014:ed3:f106:52e9::5b GET /static/js/main.f14eae3d.js 200 228011 - 2.998 ms","timestamp":"2025-01-09 12:04:13.137 PM"}
{"level":"info","message":"2a05:d014:ed3:f106:d9ee::36 GET / 200 644 - 2.775 ms","timestamp":"2025-01-09 12:04:13.263 PM"}
{"level":"info","message":"2a05:d014:ed3:f106:d9ee::36 GET /static/js/main.f14eae3d.js 200 228011 - 1.204 ms","timestamp":"2025-01-09 12:04:13.491 PM"}
{"level":"info","message":"2a05:d014:ed3:f106:d9ee::36 GET /static/css/main.0e59937c.css 200 9650 - 2.621 ms","timestamp":"2025-01-09 12:04:13.699 PM"}
{"level":"info","message":"2a05:d014:ed3:f106:52e9::5b GET /images/main_home.jpg 200 10778326 - 2.947 ms","timestamp":"2025-01-09 12:04:14.386 PM"}
{"level":"info","message":"2a05:d014:ed3:f106:d9ee::36 GET /images/main_home.jpg 200 10778326 - 2.425 ms","timestamp":"2025-01-09 12:04:14.582 PM"}
{"level":"info","message":"2a05:d014:ed3:f106:d9ee::36 GET /non-existent-page 200 644 - 4.072 ms","timestamp":"2025-01-09 12:04:15.819 PM"}
{"level":"info","message":"2a05:d014:ed3:f106:d9ee::36 GET /static/css/main.0e59937c.css 200 9650 - 2.922 ms","timestamp":"2025-01-09 12:04:16.045 PM"}
{"level":"info","message":"2a05:d014:ed3:f106:d9ee::36 GET /static/js/main.f14eae3d.js 200 228011 - 2.901 ms","timestamp":"2025-01-09 12:04:16.252 PM"}
{"level":"info","message":"2804:14c:132:5926:d99:ed2f:3523:fbd4 GET / 200 644 - 0.948 ms","timestamp":"2025-01-09 12:04:33.726 PM"}
{"level":"info","message":"2804:14c:132:5926:d99:ed2f:3523:fbd4 GET /static/js/main.f14eae3d.js 200 228011 - 1.140 ms","timestamp":"2025-01-09 12:04:33.768 PM"}
{"level":"info","message":"2804:14c:132:5926:d99:ed2f:3523:fbd4 GET /static/css/main.0e59937c.css 200 9650 - 1.111 ms","timestamp":"2025-01-09 12:04:33.771 PM"}
{"level":"info","message":"2804:14c:132:5926:d99:ed2f:3523:fbd4 GET /images/main_home.jpg 200 10778326 - 0.780 ms","timestamp":"2025-01-09 12:04:33.944 PM"}
{"level":"info","message":"3.78.155.165 GET /api 200 41 - 1.659 ms","timestamp":"2025-01-09 12:04:36.397 PM"}
{"level":"info","message":"2a05:d014:ed3:f106:c68c::35 GET / 200 644 - 0.818 ms","timestamp":"2025-01-09 12:04:38.883 PM"}
{"level":"info","message":"2a05:d014:ed3:f106:c68c::35 GET /static/js/main.f14eae3d.js 200 228011 - 3.040 ms","timestamp":"2025-01-09 12:04:39.118 PM"}
{"level":"info","message":"2a05:d014:ed3:f106:c68c::35 GET /static/css/main.0e59937c.css 200 9650 - 0.894 ms","timestamp":"2025-01-09 12:04:39.315 PM"}
{"level":"info","message":"2a05:d014:ed3:f106:d9ee::40 GET / 200 644 - 0.847 ms","timestamp":"2025-01-09 12:04:39.697 PM"}
{"level":"info","message":"2a05:d014:ed3:f106:d9ee::40 GET /static/js/main.f14eae3d.js 200 228011 - 1.177 ms","timestamp":"2025-01-09 12:04:39.926 PM"}
{"level":"info","message":"2a05:d014:ed3:f106:d9ee::40 GET /static/css/main.0e59937c.css 200 9650 - 2.929 ms","timestamp":"2025-01-09 12:04:40.135 PM"}
{"level":"info","message":"2a05:d014:ed3:f106:c68c::35 GET /images/main_home.jpg 200 10778326 - 4.247 ms","timestamp":"2025-01-09 12:04:40.259 PM"}
{"level":"info","message":"2a05:d014:ed3:f106:c68c::35 GET / 200 644 - 0.849 ms","timestamp":"2025-01-09 12:04:40.551 PM"}
{"level":"info","message":"2a05:d014:ed3:f106:c68c::35 GET /static/js/main.f14eae3d.js 200 228011 - 2.985 ms","timestamp":"2025-01-09 12:04:40.783 PM"}
{"level":"info","message":"2a05:d014:ed3:f106:c68c::35 GET /static/css/main.0e59937c.css 200 9650 - 2.967 ms","timestamp":"2025-01-09 12:04:40.987 PM"}
{"level":"info","message":"2a05:d014:ed3:f106:d9ee::40 GET /images/main_home.jpg 200 10778326 - 0.732 ms","timestamp":"2025-01-09 12:04:41.294 PM"}
{"level":"info","message":"2a05:d014:ed3:f106:c68c::35 GET /images/main_home.jpg 200 10778326 - 1.768 ms","timestamp":"2025-01-09 12:04:41.878 PM"}
{"level":"info","message":"2a05:d014:ed3:f106:c68c::35 GET /non-existent-page 200 644 - 4.101 ms","timestamp":"2025-01-09 12:04:42.505 PM"}
{"level":"info","message":"2a05:d014:ed3:f106:c68c::35 GET /static/css/main.0e59937c.css 200 9650 - 0.765 ms","timestamp":"2025-01-09 12:04:42.729 PM"}
{"level":"info","message":"2a05:d014:ed3:f106:c68c::35 GET /static/js/main.f14eae3d.js 200 228011 - 2.839 ms","timestamp":"2025-01-09 12:04:42.939 PM"}
{"level":"info","message":"2804:14c:132:5926:d99:ed2f:3523:fbd4 GET / 200 644 - 15.986 ms","timestamp":"2025-01-09 12:06:21.833 PM"}
{"level":"info","message":"2804:14c:132:5926:d99:ed2f:3523:fbd4 GET /static/js/main.f14eae3d.js 200 228011 - 1.747 ms","timestamp":"2025-01-09 12:06:21.864 PM"}
{"level":"info","message":"2804:14c:132:5926:d99:ed2f:3523:fbd4 GET /static/css/main.0e59937c.css 200 9650 - 1.365 ms","timestamp":"2025-01-09 12:06:21.872 PM"}
{"level":"info","message":"2804:14c:132:5926:d99:ed2f:3523:fbd4 GET /images/main_home.jpg 200 10778326 - 1.047 ms","timestamp":"2025-01-09 12:06:22.070 PM"}
{"level":"info","message":"3.78.155.165 GET /api 200 41 - 3.426 ms","timestamp":"2025-01-09 12:06:24.582 PM"}
{"level":"info","message":"2a05:d014:ed3:f106:7309::2b GET / 200 644 - 1.057 ms","timestamp":"2025-01-09 12:06:26.551 PM"}
{"level":"info","message":"2a05:d014:ed3:f106:7309::2b GET /static/js/main.f14eae3d.js 200 228011 - 1.254 ms","timestamp":"2025-01-09 12:06:26.774 PM"}
{"level":"info","message":"2a05:d014:ed3:f106:517e::44 GET / 200 644 - 1.359 ms","timestamp":"2025-01-09 12:06:26.781 PM"}
{"level":"info","message":"2a05:d014:ed3:f106:7309::2b GET /static/css/main.0e59937c.css 200 9650 - 1.900 ms","timestamp":"2025-01-09 12:06:26.981 PM"}
{"level":"info","message":"2a05:d014:ed3:f106:517e::44 GET /static/js/main.f14eae3d.js 200 228011 - 2.053 ms","timestamp":"2025-01-09 12:06:27.025 PM"}
{"level":"info","message":"2a05:d014:ed3:f106:517e::44 GET /static/css/main.0e59937c.css 200 9650 - 3.760 ms","timestamp":"2025-01-09 12:06:27.230 PM"}
{"level":"info","message":"2a05:d014:ed3:f106:7309::2b GET /images/main_home.jpg 200 10778326 - 1.104 ms","timestamp":"2025-01-09 12:06:27.991 PM"}
{"level":"info","message":"2a05:d014:ed3:f106:517e::44 GET /images/main_home.jpg 200 10778326 - 0.954 ms","timestamp":"2025-01-09 12:06:28.152 PM"}
{"level":"info","message":"2a05:d014:ed3:f106:517e::44 GET / 200 644 - 2.034 ms","timestamp":"2025-01-09 12:06:28.499 PM"}
{"level":"info","message":"2a05:d014:ed3:f106:517e::44 GET /static/js/main.f14eae3d.js 200 228011 - 0.969 ms","timestamp":"2025-01-09 12:06:28.723 PM"}
{"level":"info","message":"2a05:d014:ed3:f106:517e::44 GET /static/css/main.0e59937c.css 429 54 - 0.538 ms","timestamp":"2025-01-09 12:06:28.941 PM"}
{"level":"info","message":"2a05:d014:ed3:f106:517e::44 GET /images/main_home.jpg 429 54 - 0.310 ms","timestamp":"2025-01-09 12:06:29.775 PM"}
{"level":"info","message":"2a05:d014:ed3:f106:517e::44 GET /non-existent-page 429 54 - 0.294 ms","timestamp":"2025-01-09 12:06:31.200 PM"}
{"level":"info","message":"::1 HEAD /non-existent-page 200 644 - 8.716 ms","timestamp":"2025-01-09 12:07:16.041 PM"}
{"level":"info","message":"2804:14c:132:5926:d99:ed2f:3523:fbd4 GET / 200 644 - 2.566 ms","timestamp":"2025-01-09 12:07:58.458 PM"}
{"level":"info","message":"2804:14c:132:5926:d99:ed2f:3523:fbd4 GET /static/js/main.f14eae3d.js 200 228011 - 1.333 ms","timestamp":"2025-01-09 12:07:58.496 PM"}
{"level":"info","message":"2804:14c:132:5926:d99:ed2f:3523:fbd4 GET /static/css/main.0e59937c.css 200 9650 - 1.317 ms","timestamp":"2025-01-09 12:07:58.500 PM"}
{"level":"info","message":"2804:14c:132:5926:d99:ed2f:3523:fbd4 GET /images/main_home.jpg 200 10778326 - 1.045 ms","timestamp":"2025-01-09 12:07:58.680 PM"}
{"level":"info","message":"3.78.155.165 GET /api 200 41 - 1.805 ms","timestamp":"2025-01-09 12:08:01.072 PM"}
{"level":"info","message":"2a05:d014:ed3:f106:52e9::37 GET / 200 644 - 0.872 ms","timestamp":"2025-01-09 12:08:04.368 PM"}
{"level":"info","message":"2a05:d014:ed3:f106:52e9::37 GET /static/js/main.f14eae3d.js 200 228011 - 3.600 ms","timestamp":"2025-01-09 12:08:04.596 PM"}
{"level":"info","message":"2a05:d014:ed3:f106:d9ee::23 GET / 200 644 - 1.252 ms","timestamp":"2025-01-09 12:08:04.668 PM"}
{"level":"info","message":"2a05:d014:ed3:f106:52e9::37 GET /static/css/main.0e59937c.css 200 9650 - 1.757 ms","timestamp":"2025-01-09 12:08:04.795 PM"}
{"level":"info","message":"2a05:d014:ed3:f106:d9ee::23 GET /static/js/main.f14eae3d.js 200 228011 - 1.194 ms","timestamp":"2025-01-09 12:08:04.907 PM"}
{"level":"info","message":"2a05:d014:ed3:f106:d9ee::23 GET /static/css/main.0e59937c.css 200 9650 - 0.922 ms","timestamp":"2025-01-09 12:08:05.109 PM"}
{"level":"info","message":"2a05:d014:ed3:f106:52e9::37 GET /images/main_home.jpg 200 10778326 - 1.608 ms","timestamp":"2025-01-09 12:08:05.871 PM"}
{"level":"info","message":"2a05:d014:ed3:f106:52e9::37 GET / 200 644 - 3.815 ms","timestamp":"2025-01-09 12:08:06.332 PM"}
{"level":"info","message":"2a05:d014:ed3:f106:52e9::37 GET /static/css/main.0e59937c.css 200 9650 - 0.866 ms","timestamp":"2025-01-09 12:08:06.572 PM"}
{"level":"info","message":"2a05:d014:ed3:f106:d9ee::23 GET /images/main_home.jpg 200 10778326 - 0.936 ms","timestamp":"2025-01-09 12:08:06.683 PM"}
{"level":"info","message":"2a05:d014:ed3:f106:52e9::37 GET /static/js/main.f14eae3d.js 200 228011 - 0.984 ms","timestamp":"2025-01-09 12:08:06.782 PM"}
{"level":"info","message":"2a05:d014:ed3:f106:52e9::37 GET /images/main_home.jpg 200 10778326 - 3.285 ms","timestamp":"2025-01-09 12:08:07.899 PM"}
{"level":"info","message":"2a05:d014:ed3:f106:52e9::37 GET /non-existent-page 200 644 - 2.352 ms","timestamp":"2025-01-09 12:08:08.282 PM"}
{"level":"info","message":"2a05:d014:ed3:f106:52e9::37 GET /static/css/main.0e59937c.css 200 9650 - 0.929 ms","timestamp":"2025-01-09 12:08:08.528 PM"}
{"level":"info","message":"2a05:d014:ed3:f106:52e9::37 GET /static/js/main.f14eae3d.js 200 228011 - 3.309 ms","timestamp":"2025-01-09 12:08:08.736 PM"}
{"level":"info","message":"2804:14c:132:5926:d99:ed2f:3523:fbd4 GET / 200 644 - 22.739 ms","timestamp":"2025-01-09 12:10:02.027 PM"}
{"level":"info","message":"2804:14c:132:5926:d99:ed2f:3523:fbd4 GET /static/js/main.f14eae3d.js 200 228011 - 1.567 ms","timestamp":"2025-01-09 12:10:02.068 PM"}
{"level":"info","message":"2804:14c:132:5926:d99:ed2f:3523:fbd4 GET /static/css/main.0e59937c.css 200 9650 - 2.122 ms","timestamp":"2025-01-09 12:10:02.070 PM"}
{"level":"info","message":"2804:14c:132:5926:d99:ed2f:3523:fbd4 GET /images/main_home.jpg 200 10778326 - 1.121 ms","timestamp":"2025-01-09 12:10:02.278 PM"}
{"level":"info","message":"3.78.155.165 GET /api 200 41 - 9.456 ms","timestamp":"2025-01-09 12:10:04.785 PM"}
{"level":"info","message":"2a05:d014:ed3:f106:517e::50 GET / 200 644 - 1.242 ms","timestamp":"2025-01-09 12:10:06.331 PM"}
{"level":"info","message":"2a05:d014:ed3:f106:7309::20 GET / 200 644 - 0.971 ms","timestamp":"2025-01-09 12:10:06.494 PM"}
{"level":"info","message":"2a05:d014:ed3:f106:517e::50 GET /static/js/main.f14eae3d.js 200 228011 - 2.003 ms","timestamp":"2025-01-09 12:10:06.556 PM"}
{"level":"info","message":"2a05:d014:ed3:f106:7309::20 GET /static/css/main.0e59937c.css 200 9650 - 4.119 ms","timestamp":"2025-01-09 12:10:06.725 PM"}
{"level":"info","message":"2a05:d014:ed3:f106:517e::50 GET /static/css/main.0e59937c.css 200 9650 - 1.931 ms","timestamp":"2025-01-09 12:10:06.756 PM"}
{"level":"info","message":"2a05:d014:ed3:f106:7309::20 GET /static/js/main.f14eae3d.js 200 228011 - 3.152 ms","timestamp":"2025-01-09 12:10:06.927 PM"}
{"level":"info","message":"2a05:d014:ed3:f106:517e::50 GET /images/main_home.jpg 200 10778326 - 1.024 ms","timestamp":"2025-01-09 12:10:07.801 PM"}
{"level":"info","message":"2a05:d014:ed3:f106:7309::20 GET /images/main_home.jpg 200 10778326 - 0.962 ms","timestamp":"2025-01-09 12:10:08.289 PM"}
{"level":"info","message":"2a05:d014:ed3:f106:7309::20 GET / 200 644 - 0.998 ms","timestamp":"2025-01-09 12:10:10.274 PM"}
{"level":"info","message":"2a05:d014:ed3:f106:7309::20 GET /static/js/main.f14eae3d.js 200 228011 - 1.124 ms","timestamp":"2025-01-09 12:10:10.503 PM"}
{"level":"info","message":"2a05:d014:ed3:f106:7309::20 GET /static/css/main.0e59937c.css 429 54 - 0.731 ms","timestamp":"2025-01-09 12:10:10.704 PM"}
{"level":"info","message":"2a05:d014:ed3:f106:7309::20 GET /images/main_home.jpg 429 54 - 1.145 ms","timestamp":"2025-01-09 12:10:11.755 PM"}
{"level":"info","message":"2a05:d014:ed3:f106:7309::20 GET /non-existent-page 200 644 - 6.163 ms","timestamp":"2025-01-09 12:10:14.523 PM"}
{"level":"info","message":"2a05:d014:ed3:f106:7309::20 GET /static/js/main.f14eae3d.js 429 54 - 1.076 ms","timestamp":"2025-01-09 12:10:14.743 PM"}
{"level":"info","message":"2a05:d014:ed3:f106:7309::20 GET /static/css/main.0e59937c.css 429 54 - 0.930 ms","timestamp":"2025-01-09 12:10:14.949 PM"}
{"level":"info","message":"2600:1f18:12ca:300d:8416::12 GET / 429 54 - 0.349 ms","timestamp":"2025-01-09 12:10:55.658 PM"}
{"level":"info","message":"2804:14c:132:5926:d99:ed2f:3523:fbd4 GET / 200 644 - 20.137 ms","timestamp":"2025-01-09 12:11:38.835 PM"}
{"level":"info","message":"2804:14c:132:5926:d99:ed2f:3523:fbd4 GET /static/css/main.0e59937c.css 200 9650 - 2.061 ms","timestamp":"2025-01-09 12:11:38.875 PM"}
{"level":"info","message":"2804:14c:132:5926:d99:ed2f:3523:fbd4 GET /static/js/main.f14eae3d.js 200 228011 - 3.043 ms","timestamp":"2025-01-09 12:11:38.876 PM"}
{"level":"info","message":"2804:14c:132:5926:d99:ed2f:3523:fbd4 GET /images/main_home.jpg 200 10778326 - 1.046 ms","timestamp":"2025-01-09 12:11:39.074 PM"}
{"level":"info","message":"3.78.155.165 GET /api 200 41 - 5.501 ms","timestamp":"2025-01-09 12:11:46.238 PM"}
{"level":"info","message":"2a05:d014:ed3:f106:c68c::4a GET / 200 644 - 1.002 ms","timestamp":"2025-01-09 12:11:48.447 PM"}
{"level":"info","message":"2a05:d014:ed3:f106:517e::38 GET / 200 644 - 2.882 ms","timestamp":"2025-01-09 12:11:48.520 PM"}
{"level":"info","message":"2a05:d014:ed3:f106:c68c::4a GET /static/js/main.f14eae3d.js 200 228011 - 4.368 ms","timestamp":"2025-01-09 12:11:48.703 PM"}
{"level":"info","message":"2a05:d014:ed3:f106:517e::38 GET /static/js/main.f14eae3d.js 200 228011 - 3.412 ms","timestamp":"2025-01-09 12:11:48.752 PM"}
{"level":"info","message":"2a05:d014:ed3:f106:c68c::4a GET /static/css/main.0e59937c.css 200 9650 - 2.083 ms","timestamp":"2025-01-09 12:11:48.905 PM"}
{"level":"info","message":"2a05:d014:ed3:f106:517e::38 GET /static/css/main.0e59937c.css 200 9650 - 3.926 ms","timestamp":"2025-01-09 12:11:48.961 PM"}
{"level":"info","message":"2a05:d014:ed3:f106:517e::38 GET /images/main_home.jpg 200 10778326 - 0.930 ms","timestamp":"2025-01-09 12:11:50.118 PM"}
{"level":"info","message":"2a05:d014:ed3:f106:c68c::4a GET /images/main_home.jpg 200 10778326 - 1.170 ms","timestamp":"2025-01-09 12:11:50.192 PM"}
{"level":"info","message":"2a05:d014:ed3:f106:517e::38 GET / 200 644 - 1.005 ms","timestamp":"2025-01-09 12:11:50.998 PM"}
{"level":"info","message":"2a05:d014:ed3:f106:517e::38 GET /static/js/main.f14eae3d.js 200 228011 - 3.576 ms","timestamp":"2025-01-09 12:11:51.235 PM"}
{"level":"info","message":"2a05:d014:ed3:f106:517e::38 GET /static/css/main.0e59937c.css 429 54 - 1.802 ms","timestamp":"2025-01-09 12:11:51.442 PM"}
{"level":"info","message":"2a05:d014:ed3:f106:517e::38 GET /images/main_home.jpg 429 54 - 0.328 ms","timestamp":"2025-01-09 12:11:52.306 PM"}
{"level":"info","message":"2a05:d014:ed3:f106:517e::38 GET /non-existent-page 200 644 - 7.948 ms","timestamp":"2025-01-09 12:11:52.968 PM"}
{"level":"info","message":"2a05:d014:ed3:f106:517e::38 GET /static/js/main.f14eae3d.js 429 54 - 0.830 ms","timestamp":"2025-01-09 12:11:53.205 PM"}
{"level":"info","message":"2a05:d014:ed3:f106:517e::38 GET /static/css/main.0e59937c.css 429 54 - 0.778 ms","timestamp":"2025-01-09 12:11:53.409 PM"}
{"level":"info","message":"2600:1f18:12ca:300d:cd22::1c GET / 429 54 - 0.542 ms","timestamp":"2025-01-09 12:13:00.496 PM"}
{"level":"info","message":"2600:1f18:12ca:300d:357::20 GET / 200 644 - 1.181 ms","timestamp":"2025-01-09 12:19:53.772 PM"}
{"level":"info","message":"2600:1f18:12ca:300d:357::20 GET /static/js/main.f14eae3d.js 200 228011 - 0.987 ms","timestamp":"2025-01-09 12:19:53.960 PM"}
{"level":"info","message":"2600:1f18:12ca:300d:357::20 GET /static/css/main.0e59937c.css 200 9650 - 1.024 ms","timestamp":"2025-01-09 12:19:54.081 PM"}
{"level":"info","message":"2600:1f18:12ca:300d:357::20 GET /images/main_home.jpg 200 10778326 - 1.139 ms","timestamp":"2025-01-09 12:19:55.774 PM"}
{"level":"info","message":"2600:1f18:12ca:300d:cd22::3e GET / 200 644 - 1.199 ms","timestamp":"2025-01-09 12:29:51.640 PM"}
{"level":"info","message":"2600:1f18:12ca:300d:cd22::3e GET /static/css/main.0e59937c.css 200 9650 - 3.622 ms","timestamp":"2025-01-09 12:29:51.811 PM"}
{"level":"info","message":"2600:1f18:12ca:300d:cd22::3e GET /static/js/main.f14eae3d.js 200 228011 - 3.427 ms","timestamp":"2025-01-09 12:29:51.937 PM"}
{"level":"info","message":"2600:1f18:12ca:300d:cd22::3e GET /images/main_home.jpg 200 10778326 - 3.635 ms","timestamp":"2025-01-09 12:29:52.975 PM"}
{"level":"info","message":"2600:1f18:12ca:300d:cd22::7 GET / 200 644 - 3.991 ms","timestamp":"2025-01-09 12:39:52.665 PM"}
{"level":"info","message":"2600:1f18:12ca:300d:cd22::7 GET /static/css/main.0e59937c.css 200 9650 - 3.587 ms","timestamp":"2025-01-09 12:39:52.843 PM"}
{"level":"info","message":"2600:1f18:12ca:300d:cd22::7 GET /static/js/main.f14eae3d.js 200 228011 - 1.334 ms","timestamp":"2025-01-09 12:39:52.961 PM"}
{"level":"info","message":"2600:1f18:12ca:300d:cd22::7 GET /images/main_home.jpg 200 10778326 - 1.494 ms","timestamp":"2025-01-09 12:39:54.306 PM"}
